<?xml version="1.0" encoding="UTF-8"?>
<testsuite name="edu.osu.cse6341.lispInterpreter.function.CarFunctionTest" tests="1" skipped="0" failures="0" errors="0" timestamp="2020-09-20T18:34:46" hostname="erics-air.lan" time="0.006">
  <properties/>
  <testcase name="carFunctionTest()" classname="edu.osu.cse6341.lispInterpreter.function.CarFunctionTest" time="0.006"/>
  <system-out><![CDATA[]]></system-out>
  <system-err><![CDATA[]]></system-err>
</testsuite>
