<?xml version="1.0" encoding="UTF-8"?>
<testsuite name="edu.osu.cse6341.lispInterpreter.asserter.AtomRootNodeAsserterTest" tests="4" skipped="0" failures="0" errors="0" timestamp="2020-09-20T18:34:45" hostname="erics-air.lan" time="0.061">
  <properties/>
  <testcase name="valueIsTTest()" classname="edu.osu.cse6341.lispInterpreter.asserter.AtomRootNodeAsserterTest" time="0.031"/>
  <testcase name="invalidValueTest()" classname="edu.osu.cse6341.lispInterpreter.asserter.AtomRootNodeAsserterTest" time="0.008"/>
  <testcase name="valueIsNilTest()" classname="edu.osu.cse6341.lispInterpreter.asserter.AtomRootNodeAsserterTest" time="0.007"/>
  <testcase name="valueIsNumericTest()" classname="edu.osu.cse6341.lispInterpreter.asserter.AtomRootNodeAsserterTest" time="0.009"/>
  <system-out><![CDATA[]]></system-out>
  <system-err><![CDATA[]]></system-err>
</testsuite>
