<?xml version="1.0" encoding="UTF-8"?>
<testsuite name="edu.osu.cse6341.lispInterpreter.evaluator.CondFunctionEvaluatorTest" tests="4" skipped="0" failures="0" errors="0" timestamp="2020-09-20T18:34:45" hostname="erics-air.lan" time="0.036">
  <properties/>
  <testcase name="inputIsListAndBooleanResultIsNotNilTest()" classname="edu.osu.cse6341.lispInterpreter.evaluator.CondFunctionEvaluatorTest" time="0.012"/>
  <testcase name="inputIsListAndBooleanResultIsNilTest()" classname="edu.osu.cse6341.lispInterpreter.evaluator.CondFunctionEvaluatorTest" time="0.008"/>
  <testcase name="inputIsListAndBooleanResultIsNotAtomNodeTest()" classname="edu.osu.cse6341.lispInterpreter.evaluator.CondFunctionEvaluatorTest" time="0.007"/>
  <testcase name="inputIsAtomNodeTest()" classname="edu.osu.cse6341.lispInterpreter.evaluator.CondFunctionEvaluatorTest" time="0.003"/>
  <system-out><![CDATA[]]></system-out>
  <system-err><![CDATA[]]></system-err>
</testsuite>
