<?xml version="1.0" encoding="UTF-8"?>
<testsuite name="edu.osu.cse6341.lispInterpreter.tokenizer.LineTokenizerTest" tests="1" skipped="0" failures="0" errors="0" timestamp="2020-09-20T18:34:45" hostname="erics-air.lan" time="0.032">
  <properties/>
  <testcase name="tokenizeLineTest()" classname="edu.osu.cse6341.lispInterpreter.tokenizer.LineTokenizerTest" time="0.032"/>
  <system-out><![CDATA[]]></system-out>
  <system-err><![CDATA[]]></system-err>
</testsuite>
