<?xml version="1.0" encoding="UTF-8"?>
<testsuite name="regression.ParserTest" tests="12" skipped="0" failures="0" errors="0" timestamp="2020-09-20T18:34:48" hostname="erics-air.lan" time="0.075">
  <properties/>
  <testcase name="project2ValidTest()" classname="regression.ParserTest" time="0.003"/>
  <testcase name="project2Valid2Test()" classname="regression.ParserTest" time="0.004"/>
  <testcase name="project2Valid3Test()" classname="regression.ParserTest" time="0.007"/>
  <testcase name="project2Valid4Test()" classname="regression.ParserTest" time="0.005"/>
  <testcase name="project2Valid5Test()" classname="regression.ParserTest" time="0.006"/>
  <testcase name="project2Valid6Test()" classname="regression.ParserTest" time="0.005"/>
  <testcase name="project2Valid7Test()" classname="regression.ParserTest" time="0.005"/>
  <testcase name="project2Invalid1Test()" classname="regression.ParserTest" time="0.004"/>
  <testcase name="project2Invalid2Test()" classname="regression.ParserTest" time="0.007"/>
  <testcase name="project2Invalid3Test()" classname="regression.ParserTest" time="0.008"/>
  <testcase name="project2Invalid4Test()" classname="regression.ParserTest" time="0.005"/>
  <testcase name="project2Invalid5Test()" classname="regression.ParserTest" time="0.004"/>
  <system-out><![CDATA[]]></system-out>
  <system-err><![CDATA[]]></system-err>
</testsuite>
