<?xml version="1.0" encoding="UTF-8"?>
<testsuite name="edu.osu.cse6341.lispInterpreter.printer.AtomNodePrinterTest" tests="1" skipped="0" failures="0" errors="0" timestamp="2020-09-20T18:34:45" hostname="erics-air.lan" time="0.004">
  <properties/>
  <testcase name="atomNodePrinterTest()" classname="edu.osu.cse6341.lispInterpreter.printer.AtomNodePrinterTest" time="0.004"/>
  <system-out><![CDATA[]]></system-out>
  <system-err><![CDATA[]]></system-err>
</testsuite>
