<?xml version="1.0" encoding="UTF-8"?>
<testsuite name="edu.osu.cse6341.lispInterpreter.function.ConsFunctionTest" tests="1" skipped="0" failures="0" errors="0" timestamp="2020-09-20T18:34:46" hostname="erics-air.lan" time="0.007">
  <properties/>
  <testcase name="consFunctionTest()" classname="edu.osu.cse6341.lispInterpreter.function.ConsFunctionTest" time="0.007"/>
  <system-out><![CDATA[]]></system-out>
  <system-err><![CDATA[]]></system-err>
</testsuite>
