<?xml version="1.0" encoding="UTF-8"?>
<testsuite name="edu.osu.cse6341.lispInterpreter.interpreter.RootNodePartitionerTest" tests="4" skipped="0" failures="0" errors="0" timestamp="2020-09-20T18:34:45" hostname="erics-air.lan" time="0.028">
  <properties/>
  <testcase name="expressionRootNodeWithAtomAddressDefunTest()" classname="edu.osu.cse6341.lispInterpreter.interpreter.RootNodePartitionerTest" time="0.014"/>
  <testcase name="expressionRootNodeWithAtomAddressNotDefunTest()" classname="edu.osu.cse6341.lispInterpreter.interpreter.RootNodePartitionerTest" time="0.005"/>
  <testcase name="atomRootNodeTest()" classname="edu.osu.cse6341.lispInterpreter.interpreter.RootNodePartitionerTest" time="0.001"/>
  <testcase name="expressionRootNodeWithExpressionAddressTest()" classname="edu.osu.cse6341.lispInterpreter.interpreter.RootNodePartitionerTest" time="0.002"/>
  <system-out><![CDATA[]]></system-out>
  <system-err><![CDATA[]]></system-err>
</testsuite>
