<?xml version="1.0" encoding="UTF-8"?>
<testsuite name="edu.osu.cse6341.lispInterpreter.asserter.UserDefinedNameAsserterTest" tests="2" skipped="0" failures="0" errors="0" timestamp="2020-09-20T18:34:44" hostname="erics-air.lan" time="0.035">
  <properties/>
  <testcase name="invalidNameTest()" classname="edu.osu.cse6341.lispInterpreter.asserter.UserDefinedNameAsserterTest" time="0.031"/>
  <testcase name="validNameTest()" classname="edu.osu.cse6341.lispInterpreter.asserter.UserDefinedNameAsserterTest" time="0.003"/>
  <system-out><![CDATA[]]></system-out>
  <system-err><![CDATA[]]></system-err>
</testsuite>
