<?xml version="1.0" encoding="UTF-8"?>
<testsuite name="edu.osu.cse6341.lispInterpreter.comparator.NodeValueComparatorTest" tests="4" skipped="0" failures="0" errors="0" timestamp="2020-09-20T18:34:45" hostname="erics-air.lan" time="0.027">
  <properties/>
  <testcase name="equalsTFalseTest()" classname="edu.osu.cse6341.lispInterpreter.comparator.NodeValueComparatorTest" time="0.003"/>
  <testcase name="equalsNilTrueTest()" classname="edu.osu.cse6341.lispInterpreter.comparator.NodeValueComparatorTest" time="0.001"/>
  <testcase name="equalsNilFalseTest()" classname="edu.osu.cse6341.lispInterpreter.comparator.NodeValueComparatorTest" time="0.012"/>
  <testcase name="equalTTrueTest()" classname="edu.osu.cse6341.lispInterpreter.comparator.NodeValueComparatorTest" time="0.003"/>
  <system-out><![CDATA[]]></system-out>
  <system-err><![CDATA[]]></system-err>
</testsuite>
