<?xml version="1.0" encoding="UTF-8"?>
<testsuite name="edu.osu.cse6341.lispInterpreter.tokenizer.TokenizerTest" tests="1" skipped="0" failures="0" errors="0" timestamp="2020-09-20T18:34:45" hostname="erics-air.lan" time="0.071">
  <properties/>
  <testcase name="tokenizerTest()" classname="edu.osu.cse6341.lispInterpreter.tokenizer.TokenizerTest" time="0.071"/>
  <system-out><![CDATA[]]></system-out>
  <system-err><![CDATA[]]></system-err>
</testsuite>
