<?xml version="1.0" encoding="UTF-8"?>
<testsuite name="edu.osu.cse6341.lispInterpreter.asserter.TokenKindAsserterTest" tests="6" skipped="0" failures="0" errors="0" timestamp="2020-09-20T18:34:45" hostname="erics-air.lan" time="0.077">
  <properties/>
  <testcase name="noExceptionIsNotNullTest()" classname="edu.osu.cse6341.lispInterpreter.asserter.TokenKindAsserterTest" time="0.031"/>
  <testcase name="noExceptionCloseTest()" classname="edu.osu.cse6341.lispInterpreter.asserter.TokenKindAsserterTest" time="0.006"/>
  <testcase name="unexpectedTokenKindCloseExceptionTest()" classname="edu.osu.cse6341.lispInterpreter.asserter.TokenKindAsserterTest" time="0.02"/>
  <testcase name="unexpectedTokenKindIsNotNullTest()" classname="edu.osu.cse6341.lispInterpreter.asserter.TokenKindAsserterTest" time="0.003"/>
  <testcase name="unexpectedTokenKindAtomOrOpenExceptionTest()" classname="edu.osu.cse6341.lispInterpreter.asserter.TokenKindAsserterTest" time="0.005"/>
  <testcase name="noExceptionAtomOrOpenTest()" classname="edu.osu.cse6341.lispInterpreter.asserter.TokenKindAsserterTest" time="0.005"/>
  <system-out><![CDATA[]]></system-out>
  <system-err><![CDATA[]]></system-err>
</testsuite>
