<?xml version="1.0" encoding="UTF-8"?>
<testsuite name="edu.osu.cse6341.lispInterpreter.determiner.FunctionLengthDeterminerTest" tests="3" skipped="0" failures="0" errors="0" timestamp="2020-09-20T18:34:46" hostname="erics-air.lan" time="0.011">
  <properties/>
  <testcase name="determineLengthOfNilNodeTest()" classname="edu.osu.cse6341.lispInterpreter.determiner.FunctionLengthDeterminerTest" time="0.003"/>
  <testcase name="determineLengthOfNonNilAtomNodeTest()" classname="edu.osu.cse6341.lispInterpreter.determiner.FunctionLengthDeterminerTest" time="0.002"/>
  <testcase name="determineExpressionNodeLengthTest()" classname="edu.osu.cse6341.lispInterpreter.determiner.FunctionLengthDeterminerTest" time="0.003"/>
  <system-out><![CDATA[]]></system-out>
  <system-err><![CDATA[]]></system-err>
</testsuite>
