<?xml version="1.0" encoding="UTF-8"?>
<testsuite name="edu.osu.cse6341.lispInterpreter.determiner.ExpressionNodeDeterminerTest" tests="2" skipped="0" failures="0" errors="0" timestamp="2020-09-20T18:34:46" hostname="erics-air.lan" time="0.004">
  <properties/>
  <testcase name="isFalseTest()" classname="edu.osu.cse6341.lispInterpreter.determiner.ExpressionNodeDeterminerTest" time="0.001"/>
  <testcase name="isTrueTest()" classname="edu.osu.cse6341.lispInterpreter.determiner.ExpressionNodeDeterminerTest" time="0.002"/>
  <system-out><![CDATA[]]></system-out>
  <system-err><![CDATA[]]></system-err>
</testsuite>
