<?xml version="1.0" encoding="UTF-8"?>
<testsuite name="edu.osu.cse6341.lispInterpreter.valueretriver.ListValueRetrieverTest" tests="4" skipped="0" failures="0" errors="0" timestamp="2020-09-20T18:34:46" hostname="erics-air.lan" time="0.071">
  <properties/>
  <testcase name="inputIsAListTest()" classname="edu.osu.cse6341.lispInterpreter.valueretriver.ListValueRetrieverTest" time="0.046"/>
  <testcase name="inputIsNotAVariableTest()" classname="edu.osu.cse6341.lispInterpreter.valueretriver.ListValueRetrieverTest" time="0.007"/>
  <testcase name="inputIsAVariableListTest()" classname="edu.osu.cse6341.lispInterpreter.valueretriver.ListValueRetrieverTest" time="0.006"/>
  <testcase name="inputIsVariableButNotListTest()" classname="edu.osu.cse6341.lispInterpreter.valueretriver.ListValueRetrieverTest" time="0.007"/>
  <system-out><![CDATA[]]></system-out>
  <system-err><![CDATA[]]></system-err>
</testsuite>
