<?xml version="1.0" encoding="UTF-8"?>
<testsuite name="edu.osu.cse6341.lispInterpreter.determiner.InvalidNameDeterminerTest" tests="3" skipped="0" failures="0" errors="0" timestamp="2020-09-20T18:34:46" hostname="erics-air.lan" time="0.041">
  <properties/>
  <testcase name="valueIsValidTest()" classname="edu.osu.cse6341.lispInterpreter.determiner.InvalidNameDeterminerTest" time="0.025"/>
  <testcase name="invalidNamesContainsValueTest()" classname="edu.osu.cse6341.lispInterpreter.determiner.InvalidNameDeterminerTest" time="0.003"/>
  <testcase name="valueIsNumericTest()" classname="edu.osu.cse6341.lispInterpreter.determiner.InvalidNameDeterminerTest" time="0.003"/>
  <system-out><![CDATA[]]></system-out>
  <system-err><![CDATA[]]></system-err>
</testsuite>
