<?xml version="1.0" encoding="UTF-8"?>
<testsuite name="edu.osu.cse6341.lispInterpreter.function.AtomFunctionTest" tests="2" skipped="0" failures="0" errors="0" timestamp="2020-09-20T18:34:46" hostname="erics-air.lan" time="0.019">
  <properties/>
  <testcase name="atomFunctionTest()" classname="edu.osu.cse6341.lispInterpreter.function.AtomFunctionTest" time="0.011"/>
  <testcase name="atomFunctionFalseTest()" classname="edu.osu.cse6341.lispInterpreter.function.AtomFunctionTest" time="0.006"/>
  <system-out><![CDATA[]]></system-out>
  <system-err><![CDATA[]]></system-err>
</testsuite>
