<?xml version="1.0" encoding="UTF-8"?>
<testsuite name="edu.osu.cse6341.lispInterpreter.determiner.NumericTokenValueEndIndexDeterminerTest" tests="3" skipped="0" failures="0" errors="0" timestamp="2020-09-20T18:34:46" hostname="erics-air.lan" time="0.026">
  <properties/>
  <testcase name="wordContainsNonLiteralValueAfterStartingPos()" classname="edu.osu.cse6341.lispInterpreter.determiner.NumericTokenValueEndIndexDeterminerTest" time="0.013"/>
  <testcase name="wholeWordIsLiteralTest()" classname="edu.osu.cse6341.lispInterpreter.determiner.NumericTokenValueEndIndexDeterminerTest" time="0.005"/>
  <testcase name="nonLiteralValueHappensBeforeStartingPosTest()" classname="edu.osu.cse6341.lispInterpreter.determiner.NumericTokenValueEndIndexDeterminerTest" time="0.003"/>
  <system-out><![CDATA[]]></system-out>
  <system-err><![CDATA[]]></system-err>
</testsuite>
