<?xml version="1.0" encoding="UTF-8"?>
<testsuite name="edu.osu.cse6341.lispInterpreter.tokenizer.WordTokenizerTest" tests="4" skipped="0" failures="0" errors="0" timestamp="2020-09-20T18:34:45" hostname="erics-air.lan" time="0.1">
  <properties/>
  <testcase name="closeParenthesesTest()" classname="edu.osu.cse6341.lispInterpreter.tokenizer.WordTokenizerTest" time="0.081"/>
  <testcase name="literalTokenValueTest()" classname="edu.osu.cse6341.lispInterpreter.tokenizer.WordTokenizerTest" time="0.005"/>
  <testcase name="openParenthesesTest()" classname="edu.osu.cse6341.lispInterpreter.tokenizer.WordTokenizerTest" time="0.003"/>
  <testcase name="numericTokenValueTest()" classname="edu.osu.cse6341.lispInterpreter.tokenizer.WordTokenizerTest" time="0.006"/>
  <system-out><![CDATA[]]></system-out>
  <system-err><![CDATA[]]></system-err>
</testsuite>
