<?xml version="1.0" encoding="UTF-8"?>
<testsuite name="edu.osu.cse6341.lispInterpreter.asserter.LineFormatAsserterTest" tests="2" skipped="0" failures="0" errors="0" timestamp="2020-09-20T18:34:43" hostname="erics-air.lan" time="0.083">
  <properties/>
  <testcase name="lineAsserterDoesThrowTest()" classname="edu.osu.cse6341.lispInterpreter.asserter.LineFormatAsserterTest" time="0.07"/>
  <testcase name="lineAsserterDoesNotThrowTest()" classname="edu.osu.cse6341.lispInterpreter.asserter.LineFormatAsserterTest" time="0.01"/>
  <system-out><![CDATA[]]></system-out>
  <system-err><![CDATA[]]></system-err>
</testsuite>
