<?xml version="1.0" encoding="UTF-8"?>
<testsuite name="edu.osu.cse6341.lispInterpreter.printer.ListNotationPrinterTest" tests="2" skipped="0" failures="0" errors="0" timestamp="2020-09-20T18:34:46" hostname="erics-air.lan" time="0.046">
  <properties/>
  <testcase name="printExpressionNodeListTest()" classname="edu.osu.cse6341.lispInterpreter.printer.ListNotationPrinterTest" time="0.032"/>
  <testcase name="printNonEmptyListOfNodesTest()" classname="edu.osu.cse6341.lispInterpreter.printer.ListNotationPrinterTest" time="0.011"/>
  <system-out><![CDATA[]]></system-out>
  <system-err><![CDATA[]]></system-err>
</testsuite>
