<?xml version="1.0" encoding="UTF-8"?>
<testsuite name="edu.osu.cse6341.lispInterpreter.function.IntFunctionTest" tests="2" skipped="0" failures="0" errors="0" timestamp="2020-09-20T18:34:46" hostname="erics-air.lan" time="0.031">
  <properties/>
  <testcase name="intFunctionTest()" classname="edu.osu.cse6341.lispInterpreter.function.IntFunctionTest" time="0.024"/>
  <testcase name="intFunctionIsListTest()" classname="edu.osu.cse6341.lispInterpreter.function.IntFunctionTest" time="0.006"/>
  <system-out><![CDATA[]]></system-out>
  <system-err><![CDATA[]]></system-err>
</testsuite>
