<?xml version="1.0" encoding="UTF-8"?>
<testsuite name="edu.osu.cse6341.lispInterpreter.generator.TokenGeneratorTest" tests="4" skipped="0" failures="0" errors="0" timestamp="2020-09-20T18:34:46" hostname="erics-air.lan" time="0.01">
  <properties/>
  <testcase name="generateOpenTokenTest()" classname="edu.osu.cse6341.lispInterpreter.generator.TokenGeneratorTest" time="0.002"/>
  <testcase name="generateNumericTokenTest()" classname="edu.osu.cse6341.lispInterpreter.generator.TokenGeneratorTest" time="0.001"/>
  <testcase name="generateLiteralTokenTest()" classname="edu.osu.cse6341.lispInterpreter.generator.TokenGeneratorTest" time="0.001"/>
  <testcase name="generateCloseTokenTest()" classname="edu.osu.cse6341.lispInterpreter.generator.TokenGeneratorTest" time="0.002"/>
  <system-out><![CDATA[]]></system-out>
  <system-err><![CDATA[]]></system-err>
</testsuite>
