<?xml version="1.0" encoding="UTF-8"?>
<testsuite name="edu.osu.cse6341.lispInterpreter.determiner.UserDefinedFunctionNameDeterminerTest" tests="1" skipped="0" failures="0" errors="0" timestamp="2020-09-20T18:34:47" hostname="erics-air.lan" time="0.004">
  <properties/>
  <testcase name="isUserDefinedFunctionTrueTest()" classname="edu.osu.cse6341.lispInterpreter.determiner.UserDefinedFunctionNameDeterminerTest" time="0.004"/>
  <system-out><![CDATA[]]></system-out>
  <system-err><![CDATA[]]></system-err>
</testsuite>
