<?xml version="1.0" encoding="UTF-8"?>
<testsuite name="edu.osu.cse6341.lispInterpreter.interpreter.InterpreterTest" tests="1" skipped="0" failures="0" errors="0" timestamp="2020-09-20T18:34:45" hostname="erics-air.lan" time="0.282">
  <properties/>
  <testcase name="interpretTest()" classname="edu.osu.cse6341.lispInterpreter.interpreter.InterpreterTest" time="0.282"/>
  <system-out><![CDATA[]]></system-out>
  <system-err><![CDATA[]]></system-err>
</testsuite>
