<?xml version="1.0" encoding="UTF-8"?>
<testsuite name="edu.osu.cse6341.lispInterpreter.function.NullFunctionTest" tests="2" skipped="0" failures="0" errors="0" timestamp="2020-09-20T18:34:46" hostname="erics-air.lan" time="0.019">
  <properties/>
  <testcase name="nullFunctionTest()" classname="edu.osu.cse6341.lispInterpreter.function.NullFunctionTest" time="0.009"/>
  <testcase name="nullFunctionIsListTest()" classname="edu.osu.cse6341.lispInterpreter.function.NullFunctionTest" time="0.008"/>
  <system-out><![CDATA[]]></system-out>
  <system-err><![CDATA[]]></system-err>
</testsuite>
