<?xml version="1.0" encoding="UTF-8"?>
<testsuite name="edu.osu.cse6341.lispInterpreter.determiner.NumericStringDeterminerTest" tests="2" skipped="0" failures="0" errors="0" timestamp="2020-09-20T18:34:47" hostname="erics-air.lan" time="0.005">
  <properties/>
  <testcase name="isNotNumberTest()" classname="edu.osu.cse6341.lispInterpreter.determiner.NumericStringDeterminerTest" time="0.003"/>
  <testcase name="isNumberTest()" classname="edu.osu.cse6341.lispInterpreter.determiner.NumericStringDeterminerTest" time="0.001"/>
  <system-out><![CDATA[]]></system-out>
  <system-err><![CDATA[]]></system-err>
</testsuite>
