<?xml version="1.0" encoding="UTF-8"?>
<testsuite name="regression.UserDefinedTest" tests="19" skipped="0" failures="0" errors="0" timestamp="2020-09-20T18:34:47" hostname="erics-air.lan" time="0.235">
  <properties/>
  <testcase name="project4NegateTest()" classname="regression.UserDefinedTest" time="0.02"/>
  <testcase name="project4OutOfOrderDefunTest()" classname="regression.UserDefinedTest" time="0.009"/>
  <testcase name="project4UndefinedVariableTest()" classname="regression.UserDefinedTest" time="0.011"/>
  <testcase name="project4BoundTest()" classname="regression.UserDefinedTest" time="0.012"/>
  <testcase name="project4duplicateFormalTest()" classname="regression.UserDefinedTest" time="0.007"/>
  <testcase name="project4DefunInvalidMethodNameTest()" classname="regression.UserDefinedTest" time="0.007"/>
  <testcase name="project4MemTest()" classname="regression.UserDefinedTest" time="0.01"/>
  <testcase name="project4DynamicTest()" classname="regression.UserDefinedTest" time="0.007"/>
  <testcase name="project4GetValTest()" classname="regression.UserDefinedTest" time="0.016"/>
  <testcase name="project4MemLargeTest()" classname="regression.UserDefinedTest" time="0.001"/>
  <testcase name="project4AddPairsTest()" classname="regression.UserDefinedTest" time="0.014"/>
  <testcase name="project4DiffTest()" classname="regression.UserDefinedTest" time="0.009"/>
  <testcase name="project4IncrementTest()" classname="regression.UserDefinedTest" time="0.006"/>
  <testcase name="project4OneTest()" classname="regression.UserDefinedTest" time="0.007"/>
  <testcase name="project4invalidFormalTest()" classname="regression.UserDefinedTest" time="0.008"/>
  <testcase name="project4DefunIncorrectNumberParamsTest()" classname="regression.UserDefinedTest" time="0.007"/>
  <testcase name="project4FactorialTest()" classname="regression.UserDefinedTest" time="0.012"/>
  <testcase name="project4formalsActualsDifferentLengthTest()" classname="regression.UserDefinedTest" time="0.01"/>
  <testcase name="project4UniTest()" classname="regression.UserDefinedTest" time="0.044"/>
  <system-out><![CDATA[]]></system-out>
  <system-err><![CDATA[]]></system-err>
</testsuite>
