<?xml version="1.0" encoding="UTF-8"?>
<testsuite name="edu.osu.cse6341.lispInterpreter.asserter.UserDefinedFormalParametersAsserterTest" tests="3" skipped="0" failures="0" errors="0" timestamp="2020-09-20T18:34:43" hostname="erics-air.lan" time="0.014">
  <properties/>
  <testcase name="invalidNameTest()" classname="edu.osu.cse6341.lispInterpreter.asserter.UserDefinedFormalParametersAsserterTest" time="0.005"/>
  <testcase name="validNameTest()" classname="edu.osu.cse6341.lispInterpreter.asserter.UserDefinedFormalParametersAsserterTest" time="0.002"/>
  <testcase name="duplicateFormalParameterNameTest()" classname="edu.osu.cse6341.lispInterpreter.asserter.UserDefinedFormalParametersAsserterTest" time="0.003"/>
  <system-out><![CDATA[]]></system-out>
  <system-err><![CDATA[]]></system-err>
</testsuite>
