<?xml version="1.0" encoding="UTF-8"?>
<testsuite name="edu.osu.cse6341.lispInterpreter.valueretriver.AtomicValueRetrieverTest" tests="2" skipped="0" failures="0" errors="0" timestamp="2020-09-20T18:34:46" hostname="erics-air.lan" time="0.022">
  <properties/>
  <testcase name="nodeIsListTest()" classname="edu.osu.cse6341.lispInterpreter.valueretriver.AtomicValueRetrieverTest" time="0.012"/>
  <testcase name="nodeIsNotListTest()" classname="edu.osu.cse6341.lispInterpreter.valueretriver.AtomicValueRetrieverTest" time="0.008"/>
  <system-out><![CDATA[]]></system-out>
  <system-err><![CDATA[]]></system-err>
</testsuite>
